98.02.01 15:00 A d:\snarf\mybackup\backup\MSDEV\vcg2p\Eig_Sys.f90 <-- laibm2 /home/don/backup/MSDEV/vcg2p Eig_Sys.f90
98.02.01 15:00 A d:\snarf\mybackup\backup\MSDEV\vcg2p\energy.f90 <-- laibm2 /home/don/backup/MSDEV/vcg2p energy.f90
98.02.01 15:00 A d:\snarf\mybackup\backup\MSDEV\vcg2p\fit_constants.f90 <-- laibm2 /home/don/backup/MSDEV/vcg2p fit_constants.f90
98.02.01 15:00 A d:\snarf\mybackup\backup\MSDEV\vcg2p\fit_potential.f90 <-- laibm2 /home/don/backup/MSDEV/vcg2p fit_potential.f90
98.02.01 15:00 B d:\snarf\mybackup\backup\MSDEV\vcg2p\fitpot.dat <-- laibm2 /home/don/backup/MSDEV/vcg2p fitpot.dat
98.02.01 15:00 A d:\snarf\mybackup\backup\MSDEV\vcg2p\global_vars.f90 <-- laibm2 /home/don/backup/MSDEV/vcg2p global_vars.f90
98.02.01 15:00 A d:\snarf\mybackup\backup\MSDEV\vcg2p\int_constants.f90 <-- laibm2 /home/don/backup/MSDEV/vcg2p int_constants.f90
98.02.01 15:00 A d:\snarf\mybackup\backup\MSDEV\vcg2p\Load_input.f90 <-- laibm2 /home/don/backup/MSDEV/vcg2p Load_input.f90
98.02.01 15:00 A d:\snarf\mybackup\backup\MSDEV\vcg2p\mkfit_potential.f90 <-- laibm2 /home/don/backup/MSDEV/vcg2p mkfit_potential.f90
98.02.01 15:00 A d:\snarf\mybackup\backup\MSDEV\vcg2p\mkHandS.f90 <-- laibm2 /home/don/backup/MSDEV/vcg2p mkHandS.f90
98.02.01 15:00 A d:\snarf\mybackup\backup\MSDEV\vcg2p\mkint_const.f90 <-- laibm2 /home/don/backup/MSDEV/vcg2p mkint_const.f90
98.02.01 15:00 B d:\snarf\mybackup\backup\MSDEV\vcg2p\test.in1 <-- laibm2 /home/don/backup/MSDEV/vcg2p test.in1
98.02.01 15:00 A d:\snarf\mybackup\backup\MSDEV\vcg2p\vcg2p.f90 <-- laibm2 /home/don/backup/MSDEV/vcg2p vcg2p.f90
98.10.13 20:11 B D:\snarf\VCG2P\Eig_Sys.f90 --> lapc3.chem.arizona.edu /home/kinghorn/snarf/NTstuff/VCG2P Eig_Sys.f90
98.10.13 20:11 B D:\snarf\VCG2P\ENERGY.F90 --> lapc3.chem.arizona.edu /home/kinghorn/snarf/NTstuff/VCG2P ENERGY.F90
98.10.13 20:11 B D:\snarf\VCG2P\fit_constants.f90 --> lapc3.chem.arizona.edu /home/kinghorn/snarf/NTstuff/VCG2P fit_constants.f90
98.10.13 20:11 B D:\snarf\VCG2P\fit_potential.f90 --> lapc3.chem.arizona.edu /home/kinghorn/snarf/NTstuff/VCG2P fit_potential.f90
98.10.13 20:11 B D:\snarf\VCG2P\FITPOT.DAT --> lapc3.chem.arizona.edu /home/kinghorn/snarf/NTstuff/VCG2P FITPOT.DAT
98.10.13 20:11 B D:\snarf\VCG2P\global_vars.f90 --> lapc3.chem.arizona.edu /home/kinghorn/snarf/NTstuff/VCG2P global_vars.f90
98.10.13 20:11 B D:\snarf\VCG2P\int_constants.f90 --> lapc3.chem.arizona.edu /home/kinghorn/snarf/NTstuff/VCG2P int_constants.f90
98.10.13 20:11 B D:\snarf\VCG2P\Load_input.f90 --> lapc3.chem.arizona.edu /home/kinghorn/snarf/NTstuff/VCG2P Load_input.f90
98.10.13 20:11 B D:\snarf\VCG2P\mkfit_potential.f90 --> lapc3.chem.arizona.edu /home/kinghorn/snarf/NTstuff/VCG2P mkfit_potential.f90
98.10.13 20:11 B D:\snarf\VCG2P\mkHandS.f90 --> lapc3.chem.arizona.edu /home/kinghorn/snarf/NTstuff/VCG2P mkHandS.f90
98.10.13 20:11 B D:\snarf\VCG2P\mkint_const.f90 --> lapc3.chem.arizona.edu /home/kinghorn/snarf/NTstuff/VCG2P mkint_const.f90
98.10.13 20:11 B D:\snarf\VCG2P\TEST.IN1 --> lapc3.chem.arizona.edu /home/kinghorn/snarf/NTstuff/VCG2P TEST.IN1
98.10.13 20:11 B D:\snarf\VCG2P\VCG2P.F90 --> lapc3.chem.arizona.edu /home/kinghorn/snarf/NTstuff/VCG2P VCG2P.F90
