This is TeX, Version 3.14159 (Web2C 7.3.1) (format=latex 1999.8.27)  10 MAR 2000 13:40
**h2iso-1-rev.tex
(h2iso-1-rev.tex
LaTeX2e <1998/12/01> patch level 1
Babel <v3.6x> and hyphenation patterns for american, french, german, ngerman, i
talian, nohyphenation, loaded.
(/usr/share/texmf/tex/latex/base/latex209.def
File: latex209.def 1998/05/13 v0.52 Standard LaTeX file


          Entering LaTeX 2.09 COMPATIBILITY MODE
 *************************************************************
    !!WARNING!!    !!WARNING!!    !!WARNING!!    !!WARNING!!   
 
 This mode attempts to provide an emulation of the LaTeX 2.09
 author environment so that OLD documents can be successfully
 processed. It should NOT be used for NEW documents!
 
 New documents should use Standard LaTeX conventions and start
 with the \documentclass command.
 
 Compatibility mode is UNLIKELY TO WORK with LaTeX 2.09 style
 files that change any internal macros, especially not with
 those that change the FONT SELECTION or OUTPUT ROUTINES.
 
 Therefore such style files MUST BE UPDATED to use
          Current Standard LaTeX: LaTeX2e.
 If you suspect that you may be using such a style file, which
 is probably very, very old by now, then you should attempt to
 get it updated by sending a copy of this error message to the
 author of that file.
 *************************************************************

\footheight=\dimen102
\@maxsep=\dimen103
\@dblmaxsep=\dimen104
\@cla=\count79
\@clb=\count80
\mscount=\count81
(/usr/share/texmf/tex/latex/base/tracefnt.sty
Package: tracefnt 1997/05/29 v3.0j Standard LaTeX package (font tracing)
\tracingfonts=\count82
LaTeX Info: Redefining \selectfont on input line 83.
)
\symbold=\mathgroup4
\symsans=\mathgroup5
\symtypewriter=\mathgroup6
\symitalic=\mathgroup7
\symsmallcaps=\mathgroup8
\symslanted=\mathgroup9
LaTeX Font Info:    Redeclaring math alphabet \mathbf on input line 275.
LaTeX Font Info:    Redeclaring math alphabet \mathsf on input line 276.
LaTeX Font Info:    Redeclaring math alphabet \mathtt on input line 277.
LaTeX Font Info:    Redeclaring math alphabet \mathit on input line 283.
LaTeX Info: Redefining \em on input line 293.

(/usr/share/texmf/tex/latex/base/latexsym.sty
Package: latexsym 1998/08/17 v2.2e Standard LaTeX package (lasy symbols)
\symlasy=\mathgroup10
LaTeX Font Info:    Overwriting symbol font `lasy' in version `bold'
(Font)                  U/lasy/m/n --> U/lasy/b/n on input line 29.
)
LaTeX Font Info:    Redeclaring math delimiter \lgroup on input line 357.
LaTeX Font Info:    Redeclaring math delimiter \rgroup on input line 359.
LaTeX Font Info:    Redeclaring math delimiter \bracevert on input line 361.

(/usr/share/texmf/tex/latex/config/latex209.cfg)
(/usr/share/texmf/tex/latex/tools/rawfonts.sty
Package: rawfonts 1994/05/08 Low-level LaTeX 2.09 font compatibility

(/usr/share/texmf/tex/latex/tools/somedefs.sty
Package: somedefs 1994/06/01 Toolkit for optional definitions
)
LaTeX Font Info:    Try loading font information for U+lasy on input line 34.

(/usr/share/texmf/tex/latex/base/ulasy.fd
File: ulasy.fd 1998/08/17 v2.2eLaTeX symbol font definitions
))) (revtex.cls (revtex.sty
Filename: revtex.sty, v3.1 <1 July 96>
(aps.sty
Filename: aps.sty, v3.1 <September 1996>
REVTeX message: NFSS detected! Assuming NFSS.
(aps10.sty
Filename: aps10.sty, v3.1 <September 1996>
)
\c@part=\count83
\c@section=\count84
\c@subsection=\count85
\c@subsubsection=\count86
\c@paragraph=\count87
\c@subparagraph=\count88
\@indentflag=\count89
\@eqtoeqnum=\dimen105
\c@eqletter=\count90
\c@equation=\count91
\@testboxa=\box26
\@testboxb=\box27
 (prabib.sty
Filename: prabib.sty, v3.1 <7/1/96>
\WidestRefLabelThusFar=\dimen106
)
\c@figure=\count92
\c@table=\count93
\c@tablenote=\count94
\@Ldec=\dimen107
\@Rdec=\dimen108
))) (h2iso-1-rev.aux)
\openout1 = `h2iso-1-rev.aux'.

LaTeX Font Info:    Checking defaults for OML/cmm/m/it on input line 11.
LaTeX Font Info:    ... okay on input line 11.
LaTeX Font Info:    Checking defaults for T1/cmr/m/n on input line 11.
LaTeX Font Info:    ... okay on input line 11.
LaTeX Font Info:    Checking defaults for OT1/cmr/m/n on input line 11.
LaTeX Font Info:    ... okay on input line 11.
LaTeX Font Info:    Checking defaults for OMS/cmsy/m/n on input line 11.
LaTeX Font Info:    ... okay on input line 11.
LaTeX Font Info:    Checking defaults for OMX/cmex/m/n on input line 11.
LaTeX Font Info:    ... okay on input line 11.
LaTeX Font Info:    Checking defaults for U/cmr/m/n on input line 11.
LaTeX Font Info:    ... okay on input line 11.
LaTeX Font Info:    External font `cmex10' loaded for size
(Font)              <9> on input line 29.
LaTeX Font Info:    External font `cmex10' loaded for size
(Font)              <6> on input line 29.
LaTeX Font Info:    External font `cmex10' loaded for size
(Font)              <5> on input line 29.
LaTeX Font Info:    External font `cmex10' loaded for size
(Font)              <7> on input line 47.
 [1

] [2] [3] [4]
Overfull \hbox (8.49611pt too wide) in alignment at lines 350--406
 [] [] [] [] [] [] [] 
 []

[5] (h2iso-1-rev.aux) ) 
Here is how much of TeX's memory you used:
 734 strings out of 10898
 7261 string characters out of 96881
 57953 words of memory out of 263001
 3677 multiletter control sequences out of 10000+0
 25239 words of font info for 93 fonts, out of 400000 for 1000
 14 hyphenation exceptions out of 1000
 25i,9n,22p,321b,210s stack positions out of 300i,100n,500p,50000b,4000s

Output written on h2iso-1-rev.dvi (5 pages, 19716 bytes).
