This is TeX, Version 3.14159 (C version 6.1) (format=latex 98.5.7)  13 NOV 1998 13:59
**cgr1-2-ltr.tex
(cgr1-2-ltr.tex
LaTeX2e <1996/12/01> patch level 1
Babel <v3.6h> and hyphenation patterns for american, german, loaded.
(/usr/lib/texmf/texmf/tex/latex/base/article.cls
Document Class: article 1996/10/31 v1.3u Standard LaTeX document class
(/usr/lib/texmf/texmf/tex/latex/base/size12.clo
File: size12.clo 1996/10/31 v1.3u Standard LaTeX file (size option)
)
\c@part=\count79
\c@section=\count80
\c@subsection=\count81
\c@subsubsection=\count82
\c@paragraph=\count83
\c@subparagraph=\count84
\c@figure=\count85
\c@table=\count86
\abovecaptionskip=\skip41
\belowcaptionskip=\skip42
\bibindent=\dimen102
)

! LaTeX Error: File `lettopti.sty' not found.

Type X to quit or <RETURN> to proceed,
or enter new name. (Default extension: sty)

Enter file name: x

 )
(\end occurred when \ifx on line 8 was incomplete)
(\end occurred when \ifx on line 8 was incomplete) 
Here is how much of TeX's memory you used:
 203 strings out of 10906
 1966 string characters out of 72188
 44749 words of memory out of 262141
 3165 multiletter control sequences out of 9500
 3938 words of font info for 15 fonts, out of 150000 for 255
 14 hyphenation exceptions out of 607
 22i,1n,21p,146b,40s stack positions out of 300i,40n,60p,3000b,4000s

No pages of output.
