This is TeX, Version 3.14159 (C version 6.1) (format=latex 98.5.7)  11 JAN 1999 16:44
**cgr1-3.tex
(cgr1-3.tex
LaTeX2e <1996/12/01> patch level 1
Babel <v3.6h> and hyphenation patterns for american, german, loaded.
(/usr/lib/texmf/texmf/tex/latex/base/article.cls
Document Class: article 1996/10/31 v1.3u Standard LaTeX document class
(/usr/lib/texmf/texmf/tex/latex/base/size12.clo
File: size12.clo 1996/10/31 v1.3u Standard LaTeX file (size option)
)
\c@part=\count79
\c@section=\count80
\c@subsection=\count81
\c@subsubsection=\count82
\c@paragraph=\count83
\c@subparagraph=\count84
\c@figure=\count85
\c@table=\count86
\abovecaptionskip=\skip41
\belowcaptionskip=\skip42
\bibindent=\dimen102
)
(/usr/lib/texmf/texmf/tex/latex/graphics/graphicx.sty
Package: graphicx 1996/10/31 v1.0c Enhanced LaTeX Graphics (DPC,SPQR)

(/usr/lib/texmf/texmf/tex/latex/graphics/keyval.sty
Package: keyval 1995/09/21 v1.09 key=value parser (DPC)
)
(/usr/lib/texmf/texmf/tex/latex/graphics/graphics.sty
Package: graphics 1996/10/31 v1.0c Standard LaTeX Graphics (DPC,SPQR)

(/usr/lib/texmf/texmf/tex/latex/graphics/trig.sty
Package: trig 1994/10/16 v1.08 sin cos tan (DPC)
)
(/usr/lib/texmf/texmf/tex/latex/config/graphics.cfg)
Package graphics Info: Driver file: dvips.def on input line 82.

(/usr/lib/texmf/texmf/tex/latex/graphics/dvips.def
File: dvips.def 1996/12/12 v3.0d Driver-dependant file (DPC,SPQR)
))
\Gin@req@height=\dimen103
\Gin@req@width=\dimen104
) (aip.sty
Document Substyle 'AIP'. Released 4 January 1989
\@tempcntc=\count87
) (setspace.sty
Package: setspace 1998/04/8 6.3 Contributed and Supported LaTeX2e package

Package: `setspace' 6.3 <1998/04/8>
) (/usr/lib/texmf/texmf/tex/latex/amslatex/amsmath.sty
Package: amsmath 1996/11/01 v1.2c AMS math features
\@mathmargin=\skip43

(/usr/lib/texmf/texmf/tex/latex/amslatex/amstext.sty
Package: amstext 1996/10/28 v1.2b

(/usr/lib/texmf/texmf/tex/latex/amslatex/amsgen.sty
File: amsgen 1996/10/29 v1.2b
\@emptytoks=\toks14
\ex@=\dimen105
))
(/usr/lib/texmf/texmf/tex/latex/amslatex/amsbsy.sty
Package: amsbsy 1996/10/28 v1.2b
\pmbraise@=\dimen106
)
(/usr/lib/texmf/texmf/tex/latex/amslatex/amsopn.sty
Package: amsopn 1996/10/28 v1.2b operator names
)
LaTeX Info: Redefining \frac on input line 188.
\uproot@=\count88
\leftroot@=\count89
\classnum@=\count90
\DOTSCASE@=\count91
LaTeX Info: Redefining \dots on input line 335.
LaTeX Info: Redefining \ldots on input line 418.
LaTeX Info: Redefining \cdots on input line 422.
\Mathstrutbox@=\box26
\strutbox@=\box27
\big@size=\dimen107
LaTeX Font Info:    Redeclaring font encoding OML on input line 500.
LaTeX Font Info:    Redeclaring font encoding OMS on input line 501.
\skewcharcount@=\count92
\familycount@=\count93
\pointcount@=\count94
\accentdimen@=\dimen108
\accentmu@=\count95
\minaw@=\dimen109
\c@MaxMatrixCols=\count96
\dotsspace@=\muskip10
\c@parentequation=\count97
\dspbrk@lvl=\count98
\tag@help=\toks15
\row@=\count99
\column@=\count100
\maxfields@=\count101
\andhelp@=\toks16
\eqnshift@=\dimen110
\alignsep@=\dimen111
\tagshift@=\dimen112
\tagwidth@=\dimen113
\totwidth@=\dimen114
\lineht@=\dimen115
\@envbody=\toks17
\multlinegap=\skip44
\multlinetaggap=\skip45
)
(/usr/lib/texmf/texmf/tex/latex/amsfonts/amsfonts.sty
Package: amsfonts 1996/11/03 v2.2c
\symAMSa=\mathgroup4
\symAMSb=\mathgroup5
LaTeX Font Info:    Overwriting math alphabet `\mathfrak' in version `bold'
(Font)                  U/euf/m/n --> U/euf/b/n on input line 129.
)
(/usr/lib/texmf/texmf/tex/latex/amsfonts/amssymb.sty
Package: amssymb 1996/11/03 v2.2b
)
\c@theorem=\count102
 (cgr1-3.aux)
LaTeX Font Info:    Checking defaults for OML/cmm/m/it on input line 42.
LaTeX Font Info:    ... okay on input line 42.
LaTeX Font Info:    Checking defaults for T1/cmr/m/n on input line 42.
LaTeX Font Info:    ... okay on input line 42.
LaTeX Font Info:    Checking defaults for OT1/cmr/m/n on input line 42.
LaTeX Font Info:    ... okay on input line 42.
LaTeX Font Info:    Checking defaults for OMS/cmsy/m/n on input line 42.
LaTeX Font Info:    ... okay on input line 42.
LaTeX Font Info:    Checking defaults for OMX/cmex/m/n on input line 42.
LaTeX Font Info:    ... okay on input line 42.
LaTeX Font Info:    Checking defaults for U/cmr/m/n on input line 42.
LaTeX Font Info:    ... okay on input line 42.
LaTeX Font Info:    Try loading font information for U+msa on input line 47.

(/usr/lib/texmf/texmf/tex/latex/amsfonts/umsa.fd
File: Umsa.fd 1995/01/05 v2.2e AMS font definitions
)
LaTeX Font Info:    Try loading font information for U+msb on input line 47.

(/usr/lib/texmf/texmf/tex/latex/amsfonts/umsb.fd
File: Umsb.fd 1995/01/05 v2.2e AMS font definitions
) [1

] [2

]
Overfull \hbox (8.46387pt too wide) in paragraph at lines 89--97
\OT1/cmr/m/n/12 ``di-atomic'' sys-tems. The ba-sis func-tions are of the form, 
$\OML/cmm/m/it/12 ^^^[] \OT1/cmr/m/n/12 = \OML/cmm/m/it/12 r[] []\OT1/cmr/m/n/1
2 [\OMS/cmsy/m/n/12 ^^@\OT1/cmr/bx/n/12 r[][]r\OT1/cmr/m/n/12 ]$.
 []

[3] [4] [5] [6] [7] [8] [9] [10] [11] [12] [13] [14] [15] [16] [17] [18]
[19] [20] [21] [22] [23] [24] [25]
Overfull \hbox (6.95523pt too wide) in paragraph at lines 883--883
[] 
 []

[26] [27] [28]
Overfull \hbox (22.80948pt too wide) in paragraph at lines 964--982
\OT1/cmr/m/n/12 tained in the $1 \OMS/cmsy/m/n/12 ^^B \OML/cmm/m/it/12 n [] =\O
T1/cmr/m/n/12 2$ vec-tors $\OML/cmm/m/it/12 @ H[]=@ [][]$ \OT1/cmr/m/n/12 and $
\OML/cmm/m/it/12 @ S[]=@ [][] ;$\OT1/cmr/m/n/12 and
 []

[29] [30] [31] [32] [33] [34] [35] [36] [37] [38] [39] (cgr1-3.bbl [40]
[41] [42

]) [43] (cgr1-3.aux) ) 
Here is how much of TeX's memory you used:
 1545 strings out of 10906
 15847 string characters out of 72188
 68738 words of memory out of 262141
 4385 multiletter control sequences out of 9500
 13250 words of font info for 51 fonts, out of 150000 for 255
 14 hyphenation exceptions out of 607
 28i,16n,22p,456b,283s stack positions out of 300i,40n,60p,3000b,4000s

Output written on cgr1-3.dvi (43 pages, 96864 bytes).
