This is TeX, Version 3.14159 (C version 6.1) (format=latex 97.10.22)  16 SEP 1998 12:08
**nsf-nbo-1998-2.tex
(nsf-nbo-1998-2.tex
LaTeX2e <1996/12/01> patch level 1
Babel <v3.6h> and hyphenation patterns for american, german, loaded.
(/usr/lib/texmf/texmf/tex/latex/base/latex209.def
File: latex209.def 1996/05/21 v0.51 Standard LaTeX file

Entering LaTeX 2.09 compatibility mode.
\footheight=\dimen102
\@maxsep=\dimen103
\@dblmaxsep=\dimen104
\@cla=\count79
\@clb=\count80
\mscount=\count81
(/usr/lib/texmf/texmf/tex/latex/base/tracefnt.sty
Package: tracefnt 1996/07/26 v3.0i Standard LaTeX package (font tracing)
\tracingfonts=\count82
LaTeX Info: Redefining \selectfont on input line 139.
)
\symbold=\mathgroup4
\symsans=\mathgroup5
\symtypewriter=\mathgroup6
\symitalic=\mathgroup7
\symsmallcaps=\mathgroup8
\symslanted=\mathgroup9
LaTeX Font Info:    Redeclaring math alphabet \mathbf on input line 306.
LaTeX Font Info:    Redeclaring math alphabet \mathsf on input line 307.
LaTeX Font Info:    Redeclaring math alphabet \mathtt on input line 308.
LaTeX Font Info:    Redeclaring math alphabet \mathit on input line 314.
LaTeX Info: Redefining \em on input line 324.

(/usr/lib/texmf/texmf/tex/latex/base/latexsym.sty
Package: latexsym 1996/11/20 v2.2d Standard LaTeX package (lasy symbols)
\symlasy=\mathgroup10
LaTeX Font Info:    Overwriting symbol font `lasy' in version `bold'
(Font)                  U/lasy/m/n --> U/lasy/b/n on input line 85.
)
LaTeX Font Info:    Redeclaring math delimiter \lgroup on input line 388.
LaTeX Font Info:    Redeclaring math delimiter \rgroup on input line 390.
LaTeX Font Info:    Redeclaring math delimiter \bracevert on input line 392.

(/usr/lib/texmf/texmf/tex/latex/config/latex209.cfg
(/usr/lib/texmf/texmf/tex/latex/tools/rawfonts.sty
Compatibility mode: package `' requested, but `rawfonts' provided.
Package: rawfonts 1994/05/08 Low-level LaTeX 2.09 font compatibility

(/usr/lib/texmf/texmf/tex/latex/tools/somedefs.sty
Package: somedefs 1994/06/01 Toolkit for optional definitions
)
LaTeX Font Info:    Try loading font information for U+lasy on input line 36.

(/usr/lib/texmf/texmf/tex/latex/base/ulasy.fd
File: ulasy.fd 1996/11/20 v2.2dLaTeX symbol font definitions
))))
(/usr/lib/texmf/texmf/tex/latex/base/article.cls
Document Class: article 1996/10/31 v1.3u Standard LaTeX document class
(/usr/lib/texmf/texmf/tex/latex/base/size12.clo
File: size12.clo 1996/10/31 v1.3u Standard LaTeX file (size option)
)
\c@part=\count83
\c@section=\count84
\c@subsection=\count85
\c@subsubsection=\count86
\c@paragraph=\count87
\c@subparagraph=\count88
\c@figure=\count89
\c@table=\count90
\abovecaptionskip=\skip41
\belowcaptionskip=\skip42
Compatibility mode: definition of \rm ignored.
Compatibility mode: definition of \sf ignored.
Compatibility mode: definition of \tt ignored.
Compatibility mode: definition of \bf ignored.
Compatibility mode: definition of \it ignored.
Compatibility mode: definition of \sl ignored.
Compatibility mode: definition of \sc ignored.
LaTeX Info: Redefining \cal on input line 542.
LaTeX Info: Redefining \mit on input line 543.
\bibindent=\dimen105
)
(/usr/lib/texmf/texmf/tex/latex/cite/overcite.sty
Package: overcite 1995/03/17  v 3.6
)
No file nsf-nbo-1998-2.aux.
LaTeX Font Info:    Checking defaults for OML/cmm/m/it on input line 57.
LaTeX Font Info:    ... okay on input line 57.
LaTeX Font Info:    Checking defaults for T1/cmr/m/n on input line 57.
LaTeX Font Info:    ... okay on input line 57.
LaTeX Font Info:    Checking defaults for OT1/cmr/m/n on input line 57.
LaTeX Font Info:    ... okay on input line 57.
LaTeX Font Info:    Checking defaults for OMS/cmsy/m/n on input line 57.
LaTeX Font Info:    ... okay on input line 57.
LaTeX Font Info:    Checking defaults for OMX/cmex/m/n on input line 57.
LaTeX Font Info:    ... okay on input line 57.
LaTeX Font Info:    Checking defaults for U/cmr/m/n on input line 57.
LaTeX Font Info:    ... okay on input line 57.
LaTeX Font Info:    External font `cmex10' loaded for size
(Font)              <12> on input line 133.
LaTeX Font Info:    External font `cmex10' loaded for size
(Font)              <8> on input line 133.
LaTeX Font Info:    External font `cmex10' loaded for size
(Font)              <6> on input line 133.
[1

] [2]
LaTeX Font Info:    External font `cmex10' loaded for size
(Font)              <17.28> on input line 226.


LaTeX Warning: Citation `A1' on page 1 undefined on input line 258.


LaTeX Warning: Citation `A2' on page 1 undefined on input line 258.


LaTeX Warning: Citation `A3' on page 1 undefined on input line 258.


LaTeX Warning: Citation `A4' on page 1 undefined on input line 258.


LaTeX Warning: Citation `A5' on page 1 undefined on input line 258.


LaTeX Warning: Citation `A6' on page 1 undefined on input line 258.


LaTeX Warning: Citation `A7' on page 1 undefined on input line 258.


LaTeX Warning: Citation `A8' on page 1 undefined on input line 258.


LaTeX Warning: Citation `A9' on page 1 undefined on input line 258.


LaTeX Warning: Citation `A10' on page 1 undefined on input line 258.


LaTeX Warning: Citation `A11' on page 1 undefined on input line 258.


LaTeX Warning: Citation `A12' on page 1 undefined on input line 258.


LaTeX Warning: Citation `A13' on page 1 undefined on input line 258.


LaTeX Warning: Citation `A14' on page 1 undefined on input line 258.


LaTeX Warning: Citation `A15' on page 1 undefined on input line 258.


LaTeX Warning: Citation `A16' on page 1 undefined on input line 258.


LaTeX Warning: Citation `A17' on page 1 undefined on input line 258.


LaTeX Warning: Citation `A18' on page 1 undefined on input line 258.


LaTeX Warning: Citation `A19' on page 1 undefined on input line 258.


LaTeX Warning: Citation `A20' on page 1 undefined on input line 258.


LaTeX Warning: Citation `A21' on page 1 undefined on input line 258.


LaTeX Warning: Citation `A22' on page 1 undefined on input line 258.


LaTeX Warning: Citation `A23' on page 1 undefined on input line 258.


LaTeX Warning: Citation `A24' on page 1 undefined on input line 258.


LaTeX Warning: Citation `A25' on page 1 undefined on input line 258.


LaTeX Warning: Citation `A26' on page 1 undefined on input line 258.


LaTeX Warning: Citation `A27' on page 1 undefined on input line 258.


LaTeX Warning: Citation `A28' on page 1 undefined on input line 258.


LaTeX Warning: Citation `A29' on page 1 undefined on input line 258.


LaTeX Warning: Citation `A30' on page 1 undefined on input line 258.


LaTeX Warning: Citation `A31' on page 1 undefined on input line 258.


LaTeX Warning: Citation `A32' on page 1 undefined on input line 258.


LaTeX Warning: Citation `A33' on page 1 undefined on input line 258.


LaTeX Warning: Citation `A34' on page 1 undefined on input line 258.


LaTeX Warning: Citation `A35' on page 1 undefined on input line 258.


LaTeX Warning: Citation `A36' on page 1 undefined on input line 258.


LaTeX Warning: Citation `A37' on page 1 undefined on input line 258.


LaTeX Warning: Citation `A38' on page 1 undefined on input line 258.


LaTeX Warning: Citation `A381' on page 1 undefined on input line 258.


LaTeX Warning: Citation `A382' on page 1 undefined on input line 258.


LaTeX Warning: Citation `A383' on page 1 undefined on input line 258.


LaTeX Warning: Citation `A384' on page 1 undefined on input line 258.


LaTeX Warning: Citation `A385' on page 1 undefined on input line 258.


LaTeX Warning: Citation `A3851' on page 1 undefined on input line 258.


LaTeX Warning: Citation `A3860' on page 1 undefined on input line 258.


LaTeX Warning: Citation `A3861' on page 1 undefined on input line 258.


LaTeX Warning: Citation `A3862' on page 1 undefined on input line 258.


LaTeX Warning: Citation `A3863' on page 1 undefined on input line 258.


LaTeX Warning: Citation `A3864' on page 1 undefined on input line 258.


LaTeX Warning: Citation `A3865' on page 1 undefined on input line 258.


LaTeX Warning: Citation `A3866' on page 1 undefined on input line 258.


LaTeX Warning: Citation `A3867' on page 1 undefined on input line 258.


LaTeX Warning: Citation `A3868' on page 1 undefined on input line 258.


LaTeX Warning: Citation `A3869' on page 1 undefined on input line 258.


LaTeX Warning: Citation `A3870' on page 1 undefined on input line 258.


LaTeX Warning: Citation `A3871' on page 1 undefined on input line 258.


LaTeX Warning: Citation `A3872' on page 1 undefined on input line 258.


LaTeX Warning: Citation `A3873' on page 1 undefined on input line 258.


LaTeX Warning: Citation `A3874' on page 1 undefined on input line 258.


LaTeX Warning: Citation `A3875' on page 1 undefined on input line 258.


Overfull \hbox (417.66264pt too wide) in paragraph at lines 245--296
[]\OT1/cmr/m/n/12 As of 3/26/98, the re-search funded by the above grant has re
-sulted in 60 pub-li-ca-tions$[]$
 []

[1] [2]

LaTeX Warning: Citation `BO1927' on page 3 undefined on input line 524.


LaTeX Warning: Citation `CS1980' on page 3 undefined on input line 526.


LaTeX Warning: Citation `KM1992' on page 3 undefined on input line 529.


LaTeX Warning: Citation `C' on page 3 undefined on input line 559.


LaTeX Warning: Citation `Chung92' on page 3 undefined on input line 580.

[3]

LaTeX Warning: Citation `Eckart35' on page 4 undefined on input line 672.


LaTeX Warning: Citation `WilsonHoward36' on page 4 undefined on input line 673.



LaTeX Warning: Citation `Watson68' on page 4 undefined on input line 674.


LaTeX Warning: Citation `ref:ch22' on page 4 undefined on input line 675.


LaTeX Warning: Citation `Jensen88' on page 4 undefined on input line 676.


LaTeX Warning: Citation `LeRoy95' on page 4 undefined on input line 679.


LaTeX Warning: Citation `Hutson93' on page 4 undefined on input line 680.


LaTeX Warning: Citation `ref:ten1' on page 4 undefined on input line 685.


LaTeX Warning: Citation `ref:kcn1' on page 4 undefined on input line 690.


LaTeX Warning: Citation `ref:kcn2' on page 4 undefined on input line 690.


LaTeX Warning: Citation `ref:kcn3' on page 4 undefined on input line 690.


LaTeX Warning: Citation `ref:ch21' on page 4 undefined on input line 691.


LaTeX Warning: Citation `ref:ch23' on page 4 undefined on input line 691.


LaTeX Warning: Citation `ref:j22' on page 4 undefined on input line 696.


LaTeX Warning: Citation `ref:j36' on page 4 undefined on input line 703.


LaTeX Warning: Citation `ref:j27' on page 4 undefined on input line 705.


LaTeX Warning: Citation `ref:j32' on page 4 undefined on input line 713.


LaTeX Warning: Citation `ref:j33' on page 4 undefined on input line 713.


LaTeX Warning: Citation `ref:j34' on page 4 undefined on input line 713.


LaTeX Warning: Citation `ref:j35' on page 4 undefined on input line 713.


LaTeX Warning: Citation `ref:j37' on page 4 undefined on input line 713.


LaTeX Warning: Citation `ref:j25' on page 4 undefined on input line 723.


LaTeX Warning: Citation `ref:j45' on page 4 undefined on input line 723.


LaTeX Warning: Citation `ref:j46' on page 4 undefined on input line 723.

[4]

LaTeX Warning: Citation `ref:j50' on page 5 undefined on input line 736.


LaTeX Warning: Citation `Dunham32a' on page 5 undefined on input line 763.


LaTeX Warning: Citation `Dunham32b' on page 5 undefined on input line 763.


LaTeX Warning: Citation `Simons73' on page 5 undefined on input line 764.


LaTeX Warning: Citation `Ogilvie81' on page 5 undefined on input line 765.


LaTeX Warning: Citation `Thakkar75' on page 5 undefined on input line 766.


LaTeX Warning: Citation `Huffaker76' on page 5 undefined on input line 767.


LaTeX Warning: Citation `Morse29' on page 5 undefined on input line 769.


LaTeX Warning: Citation `Jordan74' on page 5 undefined on input line 772.


LaTeX Warning: Citation `Jorish79' on page 5 undefined on input line 772.


LaTeX Warning: Citation `Sonnleitner81' on page 5 undefined on input line 772.


LaTeX Warning: Citation `Pardo86' on page 5 undefined on input line 772.


LaTeX Warning: Citation `Lee95a' on page 5 undefined on input line 778.


LaTeX Warning: Citation `Dateo94' on page 5 undefined on input line 778.


LaTeX Warning: Citation `Lee95b' on page 5 undefined on input line 778.


LaTeX Warning: Citation `ref:t12' on page 5 undefined on input line 778.


LaTeX Warning: Citation `ref:t13' on page 5 undefined on input line 778.


LaTeX Warning: Citation `ref:t14' on page 5 undefined on input line 778.


LaTeX Warning: Citation `Martin95' on page 5 undefined on input line 779.


LaTeX Warning: Citation `Koizumi91' on page 5 undefined on input line 780.


LaTeX Warning: Citation `Bentley92' on page 5 undefined on input line 783.


LaTeX Warning: Citation `Bowman75' on page 5 undefined on input line 784.


LaTeX Warning: Citation `Connor75' on page 5 undefined on input line 784.


LaTeX Warning: Citation `Forsythe77' on page 5 undefined on input line 787.


LaTeX Warning: Citation `Malik80' on page 5 undefined on input line 787.


LaTeX Warning: Citation `Sathyamurthy75' on page 5 undefined on input line 787.



LaTeX Warning: Citation `Dunne87' on page 5 undefined on input line 787.


LaTeX Warning: Citation `Bruehl88' on page 5 undefined on input line 787.


LaTeX Warning: Citation `Murrell84' on page 5 undefined on input line 790.


LaTeX Warning: Citation `Searles93' on page 5 undefined on input line 791.


LaTeX Warning: Citation `Mezey87' on page 5 undefined on input line 792.


LaTeX Warning: Citation `Sorbie75' on page 5 undefined on input line 794.


LaTeX Warning: Citation `Whitehead76' on page 5 undefined on input line 795.


LaTeX Warning: Citation `sz1' on page 5 undefined on input line 816.


LaTeX Warning: Citation `kozlowski91' on page 5 undefined on input line 830.


LaTeX Warning: Citation `kozlowski92a' on page 5 undefined on input line 830.


LaTeX Warning: Citation `kozlowski92b' on page 5 undefined on input line 830.


LaTeX Warning: Citation `kozlowski92c' on page 5 undefined on input line 830.


LaTeX Warning: Citation `Poshusta83' on page 5 undefined on input line 837.


LaTeX Warning: Citation `Kinghorn93' on page 5 undefined on input line 837.


LaTeX Warning: Citation `Kinghorn95b' on page 5 undefined on input line 837.

[5]

LaTeX Warning: Citation `kpc' on page 6 undefined on input line 863.


LaTeX Warning: Citation `Kinghorn95a' on page 6 undefined on input line 874.


LaTeX Warning: Reference `ham1' on page 6 undefined on input line 921.


LaTeX Warning: Reference `ham2' on page 6 undefined on input line 935.

[6] [7]

LaTeX Warning: Reference `rijJ' on page 8 undefined on input line 1049.


LaTeX Warning: Reference `phir' on page 8 undefined on input line 1123.

[8]

LaTeX Warning: Reference `MbodyV' on page 9 undefined on input line 1187.


LaTeX Warning: Reference `MbodyV' on page 9 undefined on input line 1201.


LaTeX Warning: Reference `phir' on page 9 undefined on input line 1263.

[9]

LaTeX Warning: Reference `Ttran' on page 10 undefined on input line 1319.

[10]

LaTeX Warning: Reference `basisfcn' on page 11 undefined on input line 1363.


LaTeX Warning: Citation `Biedenharn81' on page 11 undefined on input line 1373.



LaTeX Warning: Citation `Varga95' on page 11 undefined on input line 1402.


LaTeX Warning: Reference `Y1' on page 11 undefined on input line 1417.


LaTeX Warning: Reference `Y2' on page 11 undefined on input line 1417.


LaTeX Warning: Reference `Y1' on page 11 undefined on input line 1421.


LaTeX Warning: Reference `Y2' on page 11 undefined on input line 1422.


LaTeX Warning: Citation `Varga96' on page 11 undefined on input line 1427.

[11]

LaTeX Warning: Citation `Kolos65' on page 12 undefined on input line 1551.

[12]

LaTeX Warning: Citation `Wolniewicz66' on page 13 undefined on input line 1579.



LaTeX Warning: Citation `LeRoy68' on page 13 undefined on input line 1584.


LaTeX Warning: Reference `freqtab' on page 13 undefined on input line 1586.


LaTeX Warning: Citation `ref:k35' on page 13 undefined on input line 1678.


LaTeX Warning: Citation `ref:k36' on page 13 undefined on input line 1681.


LaTeX Warning: Citation `ref:k41' on page 13 undefined on input line 1684.


LaTeX Warning: Citation `ref:k44' on page 13 undefined on input line 1684.


LaTeX Warning: Citation `ref:k45' on page 13 undefined on input line 1685.


LaTeX Warning: Citation `ref:ten2' on page 13 undefined on input line 1689.


LaTeX Warning: Citation `ref:ten3' on page 13 undefined on input line 1689.


LaTeX Warning: Citation `ref:ten4' on page 13 undefined on input line 1689.


LaTeX Warning: Citation `ref:ten5' on page 13 undefined on input line 1689.


LaTeX Warning: Citation `ref:ten6' on page 13 undefined on input line 1689.


LaTeX Warning: Citation `ref:ten7' on page 13 undefined on input line 1689.


LaTeX Warning: Citation `ref:ten8' on page 13 undefined on input line 1689.


LaTeX Warning: Citation `ref:ten9' on page 13 undefined on input line 1689.

[13]

LaTeX Warning: Citation `ref:bern1' on page 14 undefined on input line 1707.


LaTeX Warning: Citation `ref:ten10' on page 14 undefined on input line 1712.


LaTeX Warning: Citation `ref:ten11' on page 14 undefined on input line 1712.


LaTeX Warning: Citation `ref:ten12' on page 14 undefined on input line 1712.


LaTeX Warning: Citation `ref:ten13' on page 14 undefined on input line 1712.


LaTeX Warning: Citation `ref:ten14' on page 14 undefined on input line 1712.


LaTeX Warning: Citation `ref:sch1' on page 14 undefined on input line 1758.


LaTeX Warning: Citation `ref:sch2' on page 14 undefined on input line 1758.


LaTeX Warning: Citation `ref:dup1' on page 14 undefined on input line 1759.

[14]

LaTeX Warning: Citation `klopper' on page 15 undefined on input line 1769.

[15]

LaTeX Warning: Citation `beowulfwww' on page 16 undefined on input line 1866.


LaTeX Warning: Citation `HPFwww' on page 16 undefined on input line 1875.


LaTeX Warning: Citation `PGIhpfwww' on page 16 undefined on input line 1875.


LaTeX Warning: Citation `PVMwww' on page 16 undefined on input line 1876.

[16] [17] [18] [19] [20] [21]
Underfull \hbox (badness 1014) in paragraph at lines 2638--2643
[]\OT1/cmr/m/n/12 C.-L. Chen, B. Maessen, and M. Wolfs-berg, Vari-a-tional Cal-
cu-la-tions of Rotational--
 []

[22] [23] [24] [25] [26]
! Missing $ inserted.
<inserted text> 
                $
l.3354 ...e; {\tt http://www.epm.ornl.gov/pvm/pvm_
                                                  home.html}
? 
! Extra }, or forgotten $.
l.3354 ...tp://www.epm.ornl.gov/pvm/pvm_home.html}
                                                  
? 
! Missing $ inserted.
<inserted text> 
                $
l.3355 
       
? 
! Missing } inserted.
<inserted text> 
                }
l.3355 
       
? 
[27] (nsf-nbo-1998-2.aux)

LaTeX Warning: There were undefined references.


LaTeX Warning: Label(s) may have changed. Rerun to get cross-references right.

 ) 
Here is how much of TeX's memory you used:
 794 strings out of 10906
 7499 string characters out of 72186
 54491 words of memory out of 262141
 3673 multiletter control sequences out of 9500
 24276 words of font info for 90 fonts, out of 150000 for 255
 14 hyphenation exceptions out of 607
 21i,12n,21p,323b,279s stack positions out of 300i,40n,60p,3000b,4000s

Output written on nsf-nbo-1998-2.dvi (29 pages, 142348 bytes).
