98.02.01 14:51 B d:\snarf\mybackup\backup\MATLAB\cgvib\coefs.m <-- laibm2 /home/don/backup/MATLAB/cgvib coefs.m
98.02.01 14:52 B d:\snarf\mybackup\backup\MATLAB\cgvib\coefv.m <-- laibm2 /home/don/backup/MATLAB/cgvib coefv.m
98.02.01 14:52 B d:\snarf\mybackup\backup\MATLAB\cgvib\efunc.m <-- laibm2 /home/don/backup/MATLAB/cgvib efunc.m
98.02.01 14:52 B d:\snarf\mybackup\backup\MATLAB\cgvib\eH2vib.m <-- laibm2 /home/don/backup/MATLAB/cgvib eH2vib.m
98.02.01 14:52 B d:\snarf\mybackup\backup\MATLAB\cgvib\eh2vib2.m <-- laibm2 /home/don/backup/MATLAB/cgvib eh2vib2.m
98.02.01 14:52 B d:\snarf\mybackup\backup\MATLAB\cgvib\emorse.m <-- laibm2 /home/don/backup/MATLAB/cgvib emorse.m
98.02.01 14:52 B d:\snarf\mybackup\backup\MATLAB\cgvib\emorse2.m <-- laibm2 /home/don/backup/MATLAB/cgvib emorse2.m
98.02.01 14:52 B d:\snarf\mybackup\backup\MATLAB\cgvib\erij.m <-- laibm2 /home/don/backup/MATLAB/cgvib erij.m
98.02.01 14:52 B d:\snarf\mybackup\backup\MATLAB\cgvib\fitfcnh2w.m <-- laibm2 /home/don/backup/MATLAB/cgvib fitfcnh2w.m
98.02.01 14:52 B d:\snarf\mybackup\backup\MATLAB\cgvib\fitfcnpr.m <-- laibm2 /home/don/backup/MATLAB/cgvib fitfcnpr.m
98.02.01 14:52 B d:\snarf\mybackup\backup\MATLAB\cgvib\fith2w.m <-- laibm2 /home/don/backup/MATLAB/cgvib fith2w.m
98.02.01 14:52 B d:\snarf\mybackup\backup\MATLAB\cgvib\fitmp.m <-- laibm2 /home/don/backup/MATLAB/cgvib fitmp.m
98.02.01 14:52 B d:\snarf\mybackup\backup\MATLAB\cgvib\fitmp2.m <-- laibm2 /home/don/backup/MATLAB/cgvib fitmp2.m
98.02.01 14:52 B d:\snarf\mybackup\backup\MATLAB\cgvib\fitrij.m <-- laibm2 /home/don/backup/MATLAB/cgvib fitrij.m
98.02.01 14:52 B d:\snarf\mybackup\backup\MATLAB\cgvib\fixc.m <-- laibm2 /home/don/backup/MATLAB/cgvib fixc.m
98.02.01 14:52 B d:\snarf\mybackup\backup\MATLAB\cgvib\fixc2.m <-- laibm2 /home/don/backup/MATLAB/cgvib fixc2.m
98.02.01 14:52 B d:\snarf\mybackup\backup\MATLAB\cgvib\func.m <-- laibm2 /home/don/backup/MATLAB/cgvib func.m
98.02.01 14:52 B d:\snarf\mybackup\backup\MATLAB\cgvib\goodfit.dat <-- laibm2 /home/don/backup/MATLAB/cgvib goodfit.dat
98.02.01 14:52 B d:\snarf\mybackup\backup\MATLAB\cgvib\h2pot.m <-- laibm2 /home/don/backup/MATLAB/cgvib h2pot.m
98.02.01 14:52 B d:\snarf\mybackup\backup\MATLAB\cgvib\h2pot2.m <-- laibm2 /home/don/backup/MATLAB/cgvib h2pot2.m
98.02.01 14:52 B d:\snarf\mybackup\backup\MATLAB\cgvib\h2pse.m <-- laibm2 /home/don/backup/MATLAB/cgvib h2pse.m
98.02.01 14:52 B d:\snarf\mybackup\backup\MATLAB\cgvib\h2pts.dat <-- laibm2 /home/don/backup/MATLAB/cgvib h2pts.dat
98.02.01 14:52 B d:\snarf\mybackup\backup\MATLAB\cgvib\kinetic.m <-- laibm2 /home/don/backup/MATLAB/cgvib kinetic.m
98.02.01 14:52 B d:\snarf\mybackup\backup\MATLAB\cgvib\kolosh2.dat <-- laibm2 /home/don/backup/MATLAB/cgvib kolosh2.dat
98.02.01 14:53 B d:\snarf\mybackup\backup\MATLAB\cgvib\matel.m <-- laibm2 /home/don/backup/MATLAB/cgvib matel.m
98.02.01 14:53 B d:\snarf\mybackup\backup\MATLAB\cgvib\matelmn.m <-- laibm2 /home/don/backup/MATLAB/cgvib matelmn.m
98.02.01 14:53 B d:\snarf\mybackup\backup\MATLAB\cgvib\matfitv.m <-- laibm2 /home/don/backup/MATLAB/cgvib matfitv.m
98.02.01 14:53 B d:\snarf\mybackup\backup\MATLAB\cgvib\mdat.dat <-- laibm2 /home/don/backup/MATLAB/cgvib mdat.dat
98.02.01 14:53 B d:\snarf\mybackup\backup\MATLAB\cgvib\mmtmp.dat <-- laibm2 /home/don/backup/MATLAB/cgvib mmtmp.dat
98.02.01 14:53 B d:\snarf\mybackup\backup\MATLAB\cgvib\morseeng.m <-- laibm2 /home/don/backup/MATLAB/cgvib morseeng.m
98.02.01 14:53 B d:\snarf\mybackup\backup\MATLAB\cgvib\morseenrg.m <-- laibm2 /home/don/backup/MATLAB/cgvib morseenrg.m
98.02.01 14:53 B d:\snarf\mybackup\backup\MATLAB\cgvib\morsepot.m <-- laibm2 /home/don/backup/MATLAB/cgvib morsepot.m
98.02.01 14:53 B d:\snarf\mybackup\backup\MATLAB\cgvib\morsepot2.m <-- laibm2 /home/don/backup/MATLAB/cgvib morsepot2.m
98.02.01 14:53 B d:\snarf\mybackup\backup\MATLAB\cgvib\mpfunc.m <-- laibm2 /home/don/backup/MATLAB/cgvib mpfunc.m
98.02.01 14:53 B d:\snarf\mybackup\backup\MATLAB\cgvib\nmatfitv.m <-- laibm2 /home/don/backup/MATLAB/cgvib nmatfitv.m
98.02.01 14:53 B d:\snarf\mybackup\backup\MATLAB\cgvib\numpot.d2 <-- laibm2 /home/don/backup/MATLAB/cgvib numpot.d2
98.02.01 14:53 B d:\snarf\mybackup\backup\MATLAB\cgvib\overlap.m <-- laibm2 /home/don/backup/MATLAB/cgvib overlap.m
98.02.01 14:53 B d:\snarf\mybackup\backup\MATLAB\cgvib\poten.m <-- laibm2 /home/don/backup/MATLAB/cgvib poten.m
98.02.01 14:53 B d:\snarf\mybackup\backup\MATLAB\cgvib\psefit422.dat <-- laibm2 /home/don/backup/MATLAB/cgvib psefit422.dat
98.02.01 14:53 B d:\snarf\mybackup\backup\MATLAB\cgvib\rijdat.dat <-- laibm2 /home/don/backup/MATLAB/cgvib rijdat.dat
98.02.01 14:53 B d:\snarf\mybackup\backup\MATLAB\cgvib\rijpot.m <-- laibm2 /home/don/backup/MATLAB/cgvib rijpot.m
98.02.01 14:53 B d:\snarf\mybackup\backup\MATLAB\cgvib\temp.dat <-- laibm2 /home/don/backup/MATLAB/cgvib temp.dat
98.02.01 14:53 B d:\snarf\mybackup\backup\MATLAB\cgvib\temp.m <-- laibm2 /home/don/backup/MATLAB/cgvib temp.m
98.02.01 14:53 B d:\snarf\mybackup\backup\MATLAB\cgvib\vklmn.m <-- laibm2 /home/don/backup/MATLAB/cgvib vklmn.m
98.10.13 19:27 B D:\snarf\CGVIB\COEFS.M --> lapc3.chem.arizona.edu /home/kinghorn/snarf/NTstuff/CGVIB COEFS.M
98.10.13 19:27 B D:\snarf\CGVIB\COEFV.M --> lapc3.chem.arizona.edu /home/kinghorn/snarf/NTstuff/CGVIB COEFV.M
98.10.13 19:27 B D:\snarf\CGVIB\EFUNC.M --> lapc3.chem.arizona.edu /home/kinghorn/snarf/NTstuff/CGVIB EFUNC.M
98.10.13 19:27 B D:\snarf\CGVIB\eH2vib.m --> lapc3.chem.arizona.edu /home/kinghorn/snarf/NTstuff/CGVIB eH2vib.m
98.10.13 19:27 B D:\snarf\CGVIB\EH2VIB2.M --> lapc3.chem.arizona.edu /home/kinghorn/snarf/NTstuff/CGVIB EH2VIB2.M
98.10.13 19:27 B D:\snarf\CGVIB\EMORSE.M --> lapc3.chem.arizona.edu /home/kinghorn/snarf/NTstuff/CGVIB EMORSE.M
98.10.13 19:27 B D:\snarf\CGVIB\EMORSE2.M --> lapc3.chem.arizona.edu /home/kinghorn/snarf/NTstuff/CGVIB EMORSE2.M
98.10.13 19:27 B D:\snarf\CGVIB\ERIJ.M --> lapc3.chem.arizona.edu /home/kinghorn/snarf/NTstuff/CGVIB ERIJ.M
98.10.13 19:27 B D:\snarf\CGVIB\fitfcnh2w.m --> lapc3.chem.arizona.edu /home/kinghorn/snarf/NTstuff/CGVIB fitfcnh2w.m
98.10.13 19:27 B D:\snarf\CGVIB\FITFCNPR.M --> lapc3.chem.arizona.edu /home/kinghorn/snarf/NTstuff/CGVIB FITFCNPR.M
98.10.13 19:27 B D:\snarf\CGVIB\FITH2W.M --> lapc3.chem.arizona.edu /home/kinghorn/snarf/NTstuff/CGVIB FITH2W.M
98.10.13 19:27 B D:\snarf\CGVIB\FITMP.M --> lapc3.chem.arizona.edu /home/kinghorn/snarf/NTstuff/CGVIB FITMP.M
98.10.13 19:27 B D:\snarf\CGVIB\FITMP2.M --> lapc3.chem.arizona.edu /home/kinghorn/snarf/NTstuff/CGVIB FITMP2.M
98.10.13 19:27 B D:\snarf\CGVIB\FITRIJ.M --> lapc3.chem.arizona.edu /home/kinghorn/snarf/NTstuff/CGVIB FITRIJ.M
98.10.13 19:27 B D:\snarf\CGVIB\FIXC.M --> lapc3.chem.arizona.edu /home/kinghorn/snarf/NTstuff/CGVIB FIXC.M
98.10.13 19:27 B D:\snarf\CGVIB\FIXC2.M --> lapc3.chem.arizona.edu /home/kinghorn/snarf/NTstuff/CGVIB FIXC2.M
98.10.13 19:27 B D:\snarf\CGVIB\FUNC.M --> lapc3.chem.arizona.edu /home/kinghorn/snarf/NTstuff/CGVIB FUNC.M
98.10.13 19:27 B D:\snarf\CGVIB\GOODFIT.DAT --> lapc3.chem.arizona.edu /home/kinghorn/snarf/NTstuff/CGVIB GOODFIT.DAT
98.10.13 19:27 B D:\snarf\CGVIB\H2POT.M --> lapc3.chem.arizona.edu /home/kinghorn/snarf/NTstuff/CGVIB H2POT.M
98.10.13 19:27 B D:\snarf\CGVIB\H2POT2.M --> lapc3.chem.arizona.edu /home/kinghorn/snarf/NTstuff/CGVIB H2POT2.M
98.10.13 19:27 B D:\snarf\CGVIB\H2PSE.M --> lapc3.chem.arizona.edu /home/kinghorn/snarf/NTstuff/CGVIB H2PSE.M
98.10.13 19:27 B D:\snarf\CGVIB\H2PTS.DAT --> lapc3.chem.arizona.edu /home/kinghorn/snarf/NTstuff/CGVIB H2PTS.DAT
98.10.13 19:27 B D:\snarf\CGVIB\KINETIC.M --> lapc3.chem.arizona.edu /home/kinghorn/snarf/NTstuff/CGVIB KINETIC.M
98.10.13 19:27 B D:\snarf\CGVIB\KOLOSH2.DAT --> lapc3.chem.arizona.edu /home/kinghorn/snarf/NTstuff/CGVIB KOLOSH2.DAT
98.10.13 19:27 B D:\snarf\CGVIB\MATEL.M --> lapc3.chem.arizona.edu /home/kinghorn/snarf/NTstuff/CGVIB MATEL.M
98.10.13 19:27 B D:\snarf\CGVIB\MATELMN.M --> lapc3.chem.arizona.edu /home/kinghorn/snarf/NTstuff/CGVIB MATELMN.M
98.10.13 19:27 B D:\snarf\CGVIB\MATFITV.M --> lapc3.chem.arizona.edu /home/kinghorn/snarf/NTstuff/CGVIB MATFITV.M
98.10.13 19:27 B D:\snarf\CGVIB\MDAT.DAT --> lapc3.chem.arizona.edu /home/kinghorn/snarf/NTstuff/CGVIB MDAT.DAT
98.10.13 19:27 B D:\snarf\CGVIB\MMTMP.DAT --> lapc3.chem.arizona.edu /home/kinghorn/snarf/NTstuff/CGVIB MMTMP.DAT
98.10.13 19:27 B D:\snarf\CGVIB\MORSEENG.M --> lapc3.chem.arizona.edu /home/kinghorn/snarf/NTstuff/CGVIB MORSEENG.M
98.10.13 19:27 B D:\snarf\CGVIB\morseenrg.m --> lapc3.chem.arizona.edu /home/kinghorn/snarf/NTstuff/CGVIB morseenrg.m
98.10.13 19:27 B D:\snarf\CGVIB\MORSEPOT.M --> lapc3.chem.arizona.edu /home/kinghorn/snarf/NTstuff/CGVIB MORSEPOT.M
98.10.13 19:27 B D:\snarf\CGVIB\morsepot2.m --> lapc3.chem.arizona.edu /home/kinghorn/snarf/NTstuff/CGVIB morsepot2.m
98.10.13 19:27 B D:\snarf\CGVIB\MPFUNC.M --> lapc3.chem.arizona.edu /home/kinghorn/snarf/NTstuff/CGVIB MPFUNC.M
98.10.13 19:27 B D:\snarf\CGVIB\NMATFITV.M --> lapc3.chem.arizona.edu /home/kinghorn/snarf/NTstuff/CGVIB NMATFITV.M
98.10.13 19:27 B D:\snarf\CGVIB\NUMPOT.D2 --> lapc3.chem.arizona.edu /home/kinghorn/snarf/NTstuff/CGVIB NUMPOT.D2
98.10.13 19:27 B D:\snarf\CGVIB\OVERLAP.M --> lapc3.chem.arizona.edu /home/kinghorn/snarf/NTstuff/CGVIB OVERLAP.M
98.10.13 19:27 B D:\snarf\CGVIB\POTEN.M --> lapc3.chem.arizona.edu /home/kinghorn/snarf/NTstuff/CGVIB POTEN.M
98.10.13 19:27 B D:\snarf\CGVIB\psefit422.dat --> lapc3.chem.arizona.edu /home/kinghorn/snarf/NTstuff/CGVIB psefit422.dat
98.10.13 19:27 B D:\snarf\CGVIB\RIJDAT.DAT --> lapc3.chem.arizona.edu /home/kinghorn/snarf/NTstuff/CGVIB RIJDAT.DAT
98.10.13 19:27 B D:\snarf\CGVIB\RIJPOT.M --> lapc3.chem.arizona.edu /home/kinghorn/snarf/NTstuff/CGVIB RIJPOT.M
98.10.13 19:27 B D:\snarf\CGVIB\TEMP.DAT --> lapc3.chem.arizona.edu /home/kinghorn/snarf/NTstuff/CGVIB TEMP.DAT
98.10.13 19:28 B D:\snarf\CGVIB\TEMP.M --> lapc3.chem.arizona.edu /home/kinghorn/snarf/NTstuff/CGVIB TEMP.M
98.10.13 19:28 B D:\snarf\CGVIB\VKLMN.M --> lapc3.chem.arizona.edu /home/kinghorn/snarf/NTstuff/CGVIB VKLMN.M
