98.02.01 14:51 B d:\snarf\mybackup\backup\MATLAB\cgvib\coefs.m <-- laibm2 /home/don/backup/MATLAB/cgvib coefs.m
98.02.01 14:52 B d:\snarf\mybackup\backup\MATLAB\cgvib\coefv.m <-- laibm2 /home/don/backup/MATLAB/cgvib coefv.m
98.02.01 14:52 B d:\snarf\mybackup\backup\MATLAB\cgvib\efunc.m <-- laibm2 /home/don/backup/MATLAB/cgvib efunc.m
98.02.01 14:52 B d:\snarf\mybackup\backup\MATLAB\cgvib\eH2vib.m <-- laibm2 /home/don/backup/MATLAB/cgvib eH2vib.m
98.02.01 14:52 B d:\snarf\mybackup\backup\MATLAB\cgvib\eh2vib2.m <-- laibm2 /home/don/backup/MATLAB/cgvib eh2vib2.m
98.02.01 14:52 B d:\snarf\mybackup\backup\MATLAB\cgvib\emorse.m <-- laibm2 /home/don/backup/MATLAB/cgvib emorse.m
98.02.01 14:52 B d:\snarf\mybackup\backup\MATLAB\cgvib\emorse2.m <-- laibm2 /home/don/backup/MATLAB/cgvib emorse2.m
98.02.01 14:52 B d:\snarf\mybackup\backup\MATLAB\cgvib\erij.m <-- laibm2 /home/don/backup/MATLAB/cgvib erij.m
98.02.01 14:52 B d:\snarf\mybackup\backup\MATLAB\cgvib\fitfcnh2w.m <-- laibm2 /home/don/backup/MATLAB/cgvib fitfcnh2w.m
98.02.01 14:52 B d:\snarf\mybackup\backup\MATLAB\cgvib\fitfcnpr.m <-- laibm2 /home/don/backup/MATLAB/cgvib fitfcnpr.m
98.02.01 14:52 B d:\snarf\mybackup\backup\MATLAB\cgvib\fith2w.m <-- laibm2 /home/don/backup/MATLAB/cgvib fith2w.m
98.02.01 14:52 B d:\snarf\mybackup\backup\MATLAB\cgvib\fitmp.m <-- laibm2 /home/don/backup/MATLAB/cgvib fitmp.m
98.02.01 14:52 B d:\snarf\mybackup\backup\MATLAB\cgvib\fitmp2.m <-- laibm2 /home/don/backup/MATLAB/cgvib fitmp2.m
98.02.01 14:52 B d:\snarf\mybackup\backup\MATLAB\cgvib\fitrij.m <-- laibm2 /home/don/backup/MATLAB/cgvib fitrij.m
98.02.01 14:52 B d:\snarf\mybackup\backup\MATLAB\cgvib\fixc.m <-- laibm2 /home/don/backup/MATLAB/cgvib fixc.m
98.02.01 14:52 B d:\snarf\mybackup\backup\MATLAB\cgvib\fixc2.m <-- laibm2 /home/don/backup/MATLAB/cgvib fixc2.m
98.02.01 14:52 B d:\snarf\mybackup\backup\MATLAB\cgvib\func.m <-- laibm2 /home/don/backup/MATLAB/cgvib func.m
98.02.01 14:52 B d:\snarf\mybackup\backup\MATLAB\cgvib\goodfit.dat <-- laibm2 /home/don/backup/MATLAB/cgvib goodfit.dat
98.02.01 14:52 B d:\snarf\mybackup\backup\MATLAB\cgvib\h2pot.m <-- laibm2 /home/don/backup/MATLAB/cgvib h2pot.m
98.02.01 14:52 B d:\snarf\mybackup\backup\MATLAB\cgvib\h2pot2.m <-- laibm2 /home/don/backup/MATLAB/cgvib h2pot2.m
98.02.01 14:52 B d:\snarf\mybackup\backup\MATLAB\cgvib\h2pse.m <-- laibm2 /home/don/backup/MATLAB/cgvib h2pse.m
98.02.01 14:52 B d:\snarf\mybackup\backup\MATLAB\cgvib\h2pts.dat <-- laibm2 /home/don/backup/MATLAB/cgvib h2pts.dat
98.02.01 14:52 B d:\snarf\mybackup\backup\MATLAB\cgvib\kinetic.m <-- laibm2 /home/don/backup/MATLAB/cgvib kinetic.m
98.02.01 14:52 B d:\snarf\mybackup\backup\MATLAB\cgvib\kolosh2.dat <-- laibm2 /home/don/backup/MATLAB/cgvib kolosh2.dat
98.02.01 14:53 B d:\snarf\mybackup\backup\MATLAB\cgvib\matel.m <-- laibm2 /home/don/backup/MATLAB/cgvib matel.m
98.02.01 14:53 B d:\snarf\mybackup\backup\MATLAB\cgvib\matelmn.m <-- laibm2 /home/don/backup/MATLAB/cgvib matelmn.m
98.02.01 14:53 B d:\snarf\mybackup\backup\MATLAB\cgvib\matfitv.m <-- laibm2 /home/don/backup/MATLAB/cgvib matfitv.m
98.02.01 14:53 B d:\snarf\mybackup\backup\MATLAB\cgvib\mdat.dat <-- laibm2 /home/don/backup/MATLAB/cgvib mdat.dat
98.02.01 14:53 B d:\snarf\mybackup\backup\MATLAB\cgvib\mmtmp.dat <-- laibm2 /home/don/backup/MATLAB/cgvib mmtmp.dat
98.02.01 14:53 B d:\snarf\mybackup\backup\MATLAB\cgvib\morseeng.m <-- laibm2 /home/don/backup/MATLAB/cgvib morseeng.m
98.02.01 14:53 B d:\snarf\mybackup\backup\MATLAB\cgvib\morseenrg.m <-- laibm2 /home/don/backup/MATLAB/cgvib morseenrg.m
98.02.01 14:53 B d:\snarf\mybackup\backup\MATLAB\cgvib\morsepot.m <-- laibm2 /home/don/backup/MATLAB/cgvib morsepot.m
98.02.01 14:53 B d:\snarf\mybackup\backup\MATLAB\cgvib\morsepot2.m <-- laibm2 /home/don/backup/MATLAB/cgvib morsepot2.m
98.02.01 14:53 B d:\snarf\mybackup\backup\MATLAB\cgvib\mpfunc.m <-- laibm2 /home/don/backup/MATLAB/cgvib mpfunc.m
98.02.01 14:53 B d:\snarf\mybackup\backup\MATLAB\cgvib\nmatfitv.m <-- laibm2 /home/don/backup/MATLAB/cgvib nmatfitv.m
98.02.01 14:53 B d:\snarf\mybackup\backup\MATLAB\cgvib\numpot.d2 <-- laibm2 /home/don/backup/MATLAB/cgvib numpot.d2
98.02.01 14:53 B d:\snarf\mybackup\backup\MATLAB\cgvib\overlap.m <-- laibm2 /home/don/backup/MATLAB/cgvib overlap.m
98.02.01 14:53 B d:\snarf\mybackup\backup\MATLAB\cgvib\poten.m <-- laibm2 /home/don/backup/MATLAB/cgvib poten.m
98.02.01 14:53 B d:\snarf\mybackup\backup\MATLAB\cgvib\psefit422.dat <-- laibm2 /home/don/backup/MATLAB/cgvib psefit422.dat
98.02.01 14:53 B d:\snarf\mybackup\backup\MATLAB\cgvib\rijdat.dat <-- laibm2 /home/don/backup/MATLAB/cgvib rijdat.dat
98.02.01 14:53 B d:\snarf\mybackup\backup\MATLAB\cgvib\rijpot.m <-- laibm2 /home/don/backup/MATLAB/cgvib rijpot.m
98.02.01 14:53 B d:\snarf\mybackup\backup\MATLAB\cgvib\temp.dat <-- laibm2 /home/don/backup/MATLAB/cgvib temp.dat
98.02.01 14:53 B d:\snarf\mybackup\backup\MATLAB\cgvib\temp.m <-- laibm2 /home/don/backup/MATLAB/cgvib temp.m
98.02.01 14:53 B d:\snarf\mybackup\backup\MATLAB\cgvib\vklmn.m <-- laibm2 /home/don/backup/MATLAB/cgvib vklmn.m
